<?xml version="1.0" encoding="UTF-8"?>
<!-- Generated by org.testng.reporters.JUnitXMLReporter -->
<testsuite hostname="LAPTOP-F09CTRIR" ignored="0" name="APITest" tests="4" failures="0" timestamp="23 Mar 2018 16:21:52 GMT" time="2.771" errors="0">
  <testcase name="postAPITest" time="1.174" classname="com.qa.test.PostAPITest"/>
  <testcase name="putAPITest" time="0.586" classname="com.qa.test.PutAPITest"/>
  <testcase name="getAPITestWithoutHeaders" time="0.413" classname="com.qa.test.GetAPITest"/>
  <testcase name="getAPITestWithHeader" time="0.555" classname="com.qa.test.GetAPITest"/>
</testsuite> <!-- APITest -->
