<?xml version="1.0" encoding="UTF-8"?>
<testng-results skipped="0" failed="0" ignored="0" total="2" passed="2">
  <reporter-output>
  </reporter-output>
  <suite name="Default suite" duration-ms="1881" started-at="2018-03-24T19:18:03Z" finished-at="2018-03-24T19:18:05Z">
    <groups>
    </groups>
    <test name="Default test" duration-ms="1881" started-at="2018-03-24T19:18:03Z" finished-at="2018-03-24T19:18:05Z">
      <class name="com.qa.test.GetAPITest">
        <test-method status="PASS" signature="setUp()[pri:0, instance:com.qa.test.GetAPITest@18be83e4]" name="setUp" is-config="true" duration-ms="8" started-at="2018-03-24T19:18:03Z" finished-at="2018-03-24T19:18:03Z">
          <reporter-output>
          </reporter-output>
        </test-method> <!-- setUp -->
        <test-method status="PASS" signature="getAPITestWithoutHeaders()[pri:1, instance:com.qa.test.GetAPITest@18be83e4]" name="getAPITestWithoutHeaders" duration-ms="1290" started-at="2018-03-24T19:18:03Z" finished-at="2018-03-24T19:18:04Z">
          <reporter-output>
          </reporter-output>
        </test-method> <!-- getAPITestWithoutHeaders -->
        <test-method status="PASS" signature="setUp()[pri:0, instance:com.qa.test.GetAPITest@18be83e4]" name="setUp" is-config="true" duration-ms="1" started-at="2018-03-24T19:18:04Z" finished-at="2018-03-24T19:18:04Z">
          <reporter-output>
          </reporter-output>
        </test-method> <!-- setUp -->
        <test-method status="PASS" signature="getAPITestWithHeader()[pri:2, instance:com.qa.test.GetAPITest@18be83e4]" name="getAPITestWithHeader" duration-ms="552" started-at="2018-03-24T19:18:04Z" finished-at="2018-03-24T19:18:05Z">
          <reporter-output>
          </reporter-output>
        </test-method> <!-- getAPITestWithHeader -->
      </class> <!-- com.qa.test.GetAPITest -->
    </test> <!-- Default test -->
  </suite> <!-- Default suite -->
</testng-results>
